#
# There is insufficient memory for the Java Runtime Environment to continue.
# Native memory allocation (malloc) failed to allocate 785936 bytes for Chunk::new
# Possible reasons:
#   The system is out of physical RAM or swap space
#   The process is running with CompressedOops enabled, and the Java Heap may be blocking the growth of the native heap
# Possible solutions:
#   Reduce memory load on the system
#   Increase physical memory or swap space
#   Check if swap backing store is full
#   Decrease Java heap size (-Xmx/-Xms)
#   Decrease number of Java threads
#   Decrease Java thread stack sizes (-Xss)
#   Set larger code cache with -XX:ReservedCodeCacheSize=
#   JVM is running with Zero Based Compressed Oops mode in which the Java heap is
#     placed in the first 32GB address space. The Java Heap base address is the
#     maximum limit for the native heap growth. Please use -XX:HeapBaseMinAddress
#     to set the Java Heap base and to place the Java Heap above 32GB virtual address.
# This output file may be truncated or incomplete.
#
#  Out of Memory Error (arena.cpp:191), pid=13856, tid=4344
#
# JRE version: OpenJDK Runtime Environment Temurin-17.0.9+9 (17.0.9+9) (build 17.0.9+9)
# Java VM: OpenJDK 64-Bit Server VM Temurin-17.0.9+9 (17.0.9+9, mixed mode, sharing, tiered, compressed oops, compressed class ptrs, g1 gc, windows-amd64)
# No core dump will be written. Minidumps are not enabled by default on client versions of Windows
#

---------------  S U M M A R Y ------------

Command Line: -Dfile.encoding=UTF-8 -Duser.country=US -Duser.language=en -Duser.variant MainKt

Host: Intel(R) Core(TM) i5-5300U CPU @ 2.30GHz, 4 cores, 15G,  Windows 10 , 64 bit Build 19041 (10.0.19041.3636)
Time: Thu Feb 22 16:59:28 2024 Pacific Standard Time elapsed time: 81.614598 seconds (0d 0h 1m 21s)

---------------  T H R E A D  ---------------

Current thread (0x000001936305ad30):  JavaThread "C2 CompilerThread0" daemon [_thread_in_native, id=4344, stack(0x00000010b0000000,0x00000010b0100000)]


Current CompileTask:
C2:  81614 2195   !   4       sun.awt.PostEventQueue::flush (168 bytes)

Stack: [0x00000010b0000000,0x00000010b0100000]
Native frames: (J=compiled Java code, j=interpreted, Vv=VM code, C=native code)
V  [jvm.dll+0x67cf49]
V  [jvm.dll+0x83478a]
V  [jvm.dll+0x83624e]
V  [jvm.dll+0x8368b3]
V  [jvm.dll+0x247f1f]
V  [jvm.dll+0xac43c]
V  [jvm.dll+0xaca8c]
V  [jvm.dll+0x2af45f]
V  [jvm.dll+0x5853f7]
V  [jvm.dll+0x222f62]
V  [jvm.dll+0x21bc8d]
V  [jvm.dll+0x2198c1]
V  [jvm.dll+0x1a57cd]
V  [jvm.dll+0x2297ae]
V  [jvm.dll+0x22797c]
V  [jvm.dll+0x7e9877]
V  [jvm.dll+0x7e3c3a]
V  [jvm.dll+0x67be35]
C  [ucrtbase.dll+0x21bb2]
C  [KERNEL32.DLL+0x17344]
C  [ntdll.dll+0x526b1]


---------------  P R O C E S S  ---------------

Threads class SMR info:
_java_thread_list=0x00000194313d9140, length=24, elements={
0x0000019340ab9f00, 0x0000019363037dc0, 0x00000193630393e0, 0x0000019363047b90,
0x0000019363049760, 0x000001936304c9d0, 0x000001936304db30, 0x000001936305ad30,
0x000001936305b7e0, 0x0000019363175040, 0x00000193632859f0, 0x000001936329dae0,
0x00000193637cf7a0, 0x0000019363a0e1e0, 0x0000019363a0e900, 0x0000019363ab9810,
0x00000193a98a0060, 0x00000193a98a1b70, 0x00000193a98d9be0, 0x00000193a98ef460,
0x00000193a98f21f0, 0x00000193a98ef970, 0x00000193a98f17d0, 0x00000193a98efe80
}

Java Threads: ( => current thread )
  0x0000019340ab9f00 JavaThread "main" [_thread_blocked, id=18080, stack(0x00000010af300000,0x00000010af400000)]
  0x0000019363037dc0 JavaThread "Reference Handler" daemon [_thread_blocked, id=6220, stack(0x00000010afa00000,0x00000010afb00000)]
  0x00000193630393e0 JavaThread "Finalizer" daemon [_thread_blocked, id=18144, stack(0x00000010afb00000,0x00000010afc00000)]
  0x0000019363047b90 JavaThread "Signal Dispatcher" daemon [_thread_blocked, id=13064, stack(0x00000010afc00000,0x00000010afd00000)]
  0x0000019363049760 JavaThread "Attach Listener" daemon [_thread_blocked, id=12628, stack(0x00000010afd00000,0x00000010afe00000)]
  0x000001936304c9d0 JavaThread "Service Thread" daemon [_thread_blocked, id=17452, stack(0x00000010afe00000,0x00000010aff00000)]
  0x000001936304db30 JavaThread "Monitor Deflation Thread" daemon [_thread_blocked, id=4356, stack(0x00000010aff00000,0x00000010b0000000)]
=>0x000001936305ad30 JavaThread "C2 CompilerThread0" daemon [_thread_in_native, id=4344, stack(0x00000010b0000000,0x00000010b0100000)]
  0x000001936305b7e0 JavaThread "C1 CompilerThread0" daemon [_thread_blocked, id=10464, stack(0x00000010b0100000,0x00000010b0200000)]
  0x0000019363175040 JavaThread "Sweeper thread" daemon [_thread_blocked, id=10664, stack(0x00000010b0200000,0x00000010b0300000)]
  0x00000193632859f0 JavaThread "Notification Thread" daemon [_thread_blocked, id=2484, stack(0x00000010b0300000,0x00000010b0400000)]
  0x000001936329dae0 JavaThread "Common-Cleaner" daemon [_thread_blocked, id=14568, stack(0x00000010b0500000,0x00000010b0600000)]
  0x00000193637cf7a0 JavaThread "Java2D Disposer" daemon [_thread_blocked, id=15972, stack(0x00000010b0600000,0x00000010b0700000)]
  0x0000019363a0e1e0 JavaThread "AWT-Shutdown" [_thread_blocked, id=6772, stack(0x00000010b0700000,0x00000010b0800000)]
  0x0000019363a0e900 JavaThread "AWT-Windows" daemon [_thread_in_native, id=13068, stack(0x00000010b0800000,0x00000010b0900000)]
  0x0000019363ab9810 JavaThread "AWT-EventQueue-0" [_thread_blocked, id=12100, stack(0x00000010b0900000,0x00000010b0a00000)]
  0x00000193a98a0060 JavaThread "DefaultDispatcher-worker-1" daemon [_thread_blocked, id=16984, stack(0x00000010b0d00000,0x00000010b0e00000)]
  0x00000193a98a1b70 JavaThread "DefaultDispatcher-worker-2" daemon [_thread_blocked, id=16108, stack(0x00000010b0e00000,0x00000010b0f00000)]
  0x00000193a98d9be0 JavaThread "DefaultDispatcher-worker-3" daemon [_thread_blocked, id=8520, stack(0x00000010b0f00000,0x00000010b1000000)]
  0x00000193a98ef460 JavaThread "Reference Cleaner" daemon [_thread_blocked, id=15080, stack(0x00000010b1000000,0x00000010b1100000)]
  0x00000193a98f21f0 JavaThread "kotlinx.coroutines.DefaultExecutor" daemon [_thread_blocked, id=8760, stack(0x00000010b1100000,0x00000010b1200000)]
  0x00000193a98ef970 JavaThread "DefaultDispatcher-worker-4" daemon [_thread_blocked, id=15032, stack(0x00000010b1500000,0x00000010b1600000)]
  0x00000193a98f17d0 JavaThread "pool-1-thread-1" daemon [_thread_blocked, id=11384, stack(0x00000010b1600000,0x00000010b1700000)]
  0x00000193a98efe80 JavaThread "TimerQueue" daemon [_thread_blocked, id=6680, stack(0x00000010b1700000,0x00000010b1800000)]

Other Threads:
  0x0000019363031d50 VMThread "VM Thread" [stack: 0x00000010af900000,0x00000010afa00000] [id=7380]
  0x000001936328bef0 WatcherThread [stack: 0x00000010b0400000,0x00000010b0500000] [id=1156]
  0x0000019340b20da0 GCTaskThread "GC Thread#0" [stack: 0x00000010af400000,0x00000010af500000] [id=16544]
  0x0000019363b4a8f0 GCTaskThread "GC Thread#1" [stack: 0x00000010b0a00000,0x00000010b0b00000] [id=9300]
  0x0000019363b4abb0 GCTaskThread "GC Thread#2" [stack: 0x00000010b0b00000,0x00000010b0c00000] [id=11052]
  0x0000019363b4ae70 GCTaskThread "GC Thread#3" [stack: 0x00000010b0c00000,0x00000010b0d00000] [id=17440]
  0x0000019340b32850 ConcurrentGCThread "G1 Main Marker" [stack: 0x00000010af500000,0x00000010af600000] [id=16548]
  0x0000019340b33a10 ConcurrentGCThread "G1 Conc#0" [stack: 0x00000010af600000,0x00000010af700000] [id=14544]
  0x0000019340b6e2e0 ConcurrentGCThread "G1 Refine#0" [stack: 0x00000010af700000,0x00000010af800000] [id=17756]
  0x0000019362eec120 ConcurrentGCThread "G1 Service" [stack: 0x00000010af800000,0x00000010af900000] [id=2064]

Threads with active compile tasks:
C2 CompilerThread0    81816 2195   !   4       sun.awt.PostEventQueue::flush (168 bytes)

VM state: not at safepoint (normal execution)

VM Mutex/Monitor currently owned by a thread: None

Heap address: 0x0000000704a00000, size: 4022 MB, Compressed Oops mode: Zero based, Oop shift amount: 3

CDS archive(s) mapped at: [0x0000019364000000-0x0000019364ba0000-0x0000019364ba0000), size 12189696, SharedBaseAddress: 0x0000019364000000, ArchiveRelocationMode: 1.
Compressed class space mapped at: 0x0000019365000000-0x00000193a5000000, reserved size: 1073741824
Narrow klass base: 0x0000019364000000, Narrow klass shift: 0, Narrow klass range: 0x100000000

GC Precious Log:
 CPUs: 4 total, 4 available
 Memory: 16080M
 Large Page Support: Disabled
 NUMA Support: Disabled
 Compressed Oops: Enabled (Zero based)
 Heap Region Size: 2M
 Heap Min Capacity: 8M
 Heap Initial Capacity: 252M
 Heap Max Capacity: 4022M
 Pre-touch: Disabled
 Parallel Workers: 4
 Concurrent Workers: 1
 Concurrent Refinement Workers: 4
 Periodic GC: Disabled

Heap:
 garbage-first heap   total 40960K, used 21902K [0x0000000704a00000, 0x0000000800000000)
  region size 2048K, 9 young (18432K), 2 survivors (4096K)
 Metaspace       used 23906K, committed 24128K, reserved 1114112K
  class space    used 2581K, committed 2688K, reserved 1048576K

Heap Regions: E=young(eden), S=young(survivor), O=old, HS=humongous(starts), HC=humongous(continues), CS=collection set, F=free, OA=open archive, CA=closed archive, TAMS=top-at-mark-start (previous, next)
|   0|0x0000000704a00000, 0x0000000704c00000, 0x0000000704c00000|100%| O|  |TAMS 0x0000000704c00000, 0x0000000704a00000| Untracked 
|   1|0x0000000704c00000, 0x0000000704cb8000, 0x0000000704e00000| 35%| O|  |TAMS 0x0000000704cb8000, 0x0000000704c00000| Complete 
|   2|0x0000000704e00000, 0x0000000705000000, 0x0000000705000000|100%|HS|  |TAMS 0x0000000705000000, 0x0000000704e00000| Complete 
|   3|0x0000000705000000, 0x0000000705200000, 0x0000000705200000|100%|HS|  |TAMS 0x0000000705000000, 0x0000000705000000| Complete 
|   4|0x0000000705200000, 0x0000000705200000, 0x0000000705400000|  0%| F|  |TAMS 0x0000000705200000, 0x0000000705200000| Untracked 
|   5|0x0000000705400000, 0x0000000705400000, 0x0000000705600000|  0%| F|  |TAMS 0x0000000705400000, 0x0000000705400000| Untracked 
|   6|0x0000000705600000, 0x0000000705600000, 0x0000000705800000|  0%| F|  |TAMS 0x0000000705600000, 0x0000000705600000| Untracked 
|   7|0x0000000705800000, 0x0000000705800000, 0x0000000705a00000|  0%| F|  |TAMS 0x0000000705800000, 0x0000000705800000| Untracked 
|   8|0x0000000705a00000, 0x0000000705a00000, 0x0000000705c00000|  0%| F|  |TAMS 0x0000000705a00000, 0x0000000705a00000| Untracked 
|   9|0x0000000705c00000, 0x0000000705c00000, 0x0000000705e00000|  0%| F|  |TAMS 0x0000000705c00000, 0x0000000705c00000| Untracked 
|  10|0x0000000705e00000, 0x0000000705e00000, 0x0000000706000000|  0%| F|  |TAMS 0x0000000705e00000, 0x0000000705e00000| Untracked 
|  11|0x0000000706000000, 0x0000000706200000, 0x0000000706200000|100%| E|  |TAMS 0x0000000706000000, 0x0000000706000000| Complete 
|  12|0x0000000706200000, 0x0000000706400000, 0x0000000706400000|100%| E|CS|TAMS 0x0000000706200000, 0x0000000706200000| Complete 
|  13|0x0000000706400000, 0x0000000706600000, 0x0000000706600000|100%| E|CS|TAMS 0x0000000706400000, 0x0000000706400000| Complete 
|  14|0x0000000706600000, 0x0000000706800000, 0x0000000706800000|100%| E|CS|TAMS 0x0000000706600000, 0x0000000706600000| Complete 
|  15|0x0000000706800000, 0x0000000706a00000, 0x0000000706a00000|100%| E|CS|TAMS 0x0000000706800000, 0x0000000706800000| Complete 
|  16|0x0000000706a00000, 0x0000000706c00000, 0x0000000706c00000|100%| E|CS|TAMS 0x0000000706a00000, 0x0000000706a00000| Complete 
| 110|0x0000000712600000, 0x00000007126ab870, 0x0000000712800000| 33%| S|CS|TAMS 0x0000000712600000, 0x0000000712600000| Complete 
| 111|0x0000000712800000, 0x0000000712a00000, 0x0000000712a00000|100%| S|CS|TAMS 0x0000000712800000, 0x0000000712800000| Complete 
| 125|0x0000000714400000, 0x0000000714600000, 0x0000000714600000|100%| E|CS|TAMS 0x0000000714400000, 0x0000000714400000| Complete 

Card table byte_map: [0x0000019357db0000,0x0000019358590000] _byte_map_base: 0x000001935458b000

Marking Bits (Prev, Next): (CMBitMap*) 0x0000019340b22410, (CMBitMap*) 0x0000019340b223d0
 Prev Bits: [0x000001935cc50000, 0x0000019360b28000)
 Next Bits: [0x0000019358d70000, 0x000001935cc48000)

Polling page: 0x000001933e8a0000

Metaspace:

Usage:
  Non-class:     20.82 MB used.
      Class:      2.52 MB used.
       Both:     23.35 MB used.

Virtual space:
  Non-class space:       64.00 MB reserved,      20.94 MB ( 33%) committed,  1 nodes.
      Class space:        1.00 GB reserved,       2.62 MB ( <1%) committed,  1 nodes.
             Both:        1.06 GB reserved,      23.56 MB (  2%) committed. 

Chunk freelists:
   Non-Class:  10.47 MB
       Class:  13.41 MB
        Both:  23.88 MB

MaxMetaspaceSize: unlimited
CompressedClassSpaceSize: 1.00 GB
Initial GC threshold: 21.00 MB
Current GC threshold: 35.12 MB
CDS: on
MetaspaceReclaimPolicy: balanced
 - commit_granule_bytes: 65536.
 - commit_granule_words: 8192.
 - virtual_space_node_default_size: 8388608.
 - enlarge_chunks_in_place: 1.
 - new_chunks_are_fully_committed: 0.
 - uncommit_free_chunks: 1.
 - use_allocation_guard: 0.
 - handle_deallocations: 1.


Internal statistics:

num_allocs_failed_limit: 3.
num_arena_births: 154.
num_arena_deaths: 0.
num_vsnodes_births: 2.
num_vsnodes_deaths: 0.
num_space_committed: 377.
num_space_uncommitted: 0.
num_chunks_returned_to_freelist: 3.
num_chunks_taken_from_freelist: 739.
num_chunk_merges: 3.
num_chunk_splits: 633.
num_chunks_enlarged: 571.
num_inconsistent_stats: 0.

CodeHeap 'non-profiled nmethods': size=120000Kb used=924Kb max_used=924Kb free=119075Kb
 bounds [0x00000193500a0000, 0x0000019350310000, 0x00000193575d0000]
CodeHeap 'profiled nmethods': size=120000Kb used=3933Kb max_used=3933Kb free=116066Kb
 bounds [0x00000193485d0000, 0x00000193489b0000, 0x000001934fb00000]
CodeHeap 'non-nmethods': size=5760Kb used=1741Kb max_used=1774Kb free=4018Kb
 bounds [0x000001934fb00000, 0x000001934fd70000, 0x00000193500a0000]
 total_blobs=3402 nmethods=2221 adapters=1093
 compilation: enabled
              stopped_count=0, restarted_count=0
 full_count=0

Compilation events (20 events):
Event: 81.540 Thread 0x000001936305b7e0 nmethod 2193 0x0000019348992f10 code [0x00000193489931c0, 0x0000019348994088]
Event: 81.540 Thread 0x000001936305b7e0 2194       3       kotlinx.coroutines.flow.StateFlowKt::access$getNONE$p (4 bytes)
Event: 81.541 Thread 0x000001936305b7e0 nmethod 2194 0x0000019348994690 code [0x0000019348994820, 0x0000019348994918]
Event: 81.545 Thread 0x000001936305ad30 2195   !   4       sun.awt.PostEventQueue::flush (168 bytes)
Event: 81.545 Thread 0x000001936305b7e0 2196   !   3       androidx.compose.runtime.snapshots.SnapshotKt::current (117 bytes)
Event: 81.547 Thread 0x000001936305b7e0 nmethod 2196 0x0000019348994990 code [0x0000019348994d40, 0x00000193489968a8]
Event: 81.547 Thread 0x000001936305b7e0 2197       3       kotlinx.coroutines.channels.BufferedChannel::isClosed (159 bytes)
Event: 81.548 Thread 0x000001936305b7e0 nmethod 2197 0x0000019348997390 code [0x0000019348997620, 0x0000019348998068]
Event: 81.549 Thread 0x000001936305b7e0 2198       3       java.lang.Enum::compareTo (44 bytes)
Event: 81.550 Thread 0x000001936305b7e0 nmethod 2198 0x0000019348998410 code [0x0000019348998600, 0x0000019348998b28]
Event: 81.551 Thread 0x000001936305b7e0 2199       1       androidx.compose.ui.util.ComponentUpdater::access$getUpdatedValues$p (5 bytes)
Event: 81.551 Thread 0x000001936305b7e0 nmethod 2199 0x0000019350177710 code [0x00000193501778a0, 0x0000019350177958]
Event: 81.554 Thread 0x000001936305b7e0 2200       3       java.util.concurrent.atomic.AtomicLongFieldUpdater$CASUpdater::getAndIncrement (7 bytes)
Event: 81.555 Thread 0x000001936305b7e0 nmethod 2200 0x0000019348998d10 code [0x0000019348998ea0, 0x0000019348998fe8]
Event: 81.560 Thread 0x000001936305b7e0 2202       3       androidx.compose.runtime.snapshots.SnapshotStateObserver$readObserver$1::invoke (9 bytes)
Event: 81.560 Thread 0x000001936305b7e0 nmethod 2202 0x0000019348999090 code [0x0000019348999240, 0x0000019348999388]
Event: 81.560 Thread 0x000001936305b7e0 2203       3       androidx.compose.runtime.snapshots.SnapshotStateObserver$ObservedScopeMap::recordRead (88 bytes)
Event: 81.561 Thread 0x000001936305b7e0 nmethod 2203 0x0000019348999410 code [0x00000193489996c0, 0x000001934899a588]
Event: 81.598 Thread 0x000001936305b7e0 2204       1       androidx.compose.runtime.Recomposer::access$getStateLock$p (5 bytes)
Event: 81.598 Thread 0x000001936305b7e0 nmethod 2204 0x0000019350177a10 code [0x0000019350177ba0, 0x0000019350177c58]

GC Heap History (8 events):
Event: 1.488 GC heap before
{Heap before GC invocations=0 (full 0):
 garbage-first heap   total 258048K, used 12288K [0x0000000704a00000, 0x0000000800000000)
  region size 2048K, 6 young (12288K), 0 survivors (0K)
 Metaspace       used 4122K, committed 4224K, reserved 1114112K
  class space    used 376K, committed 448K, reserved 1048576K
}
Event: 1.492 GC heap after
{Heap after GC invocations=1 (full 0):
 garbage-first heap   total 258048K, used 2756K [0x0000000704a00000, 0x0000000800000000)
  region size 2048K, 1 young (2048K), 1 survivors (2048K)
 Metaspace       used 4122K, committed 4224K, reserved 1114112K
  class space    used 376K, committed 448K, reserved 1048576K
}
Event: 2.045 GC heap before
{Heap before GC invocations=1 (full 0):
 garbage-first heap   total 258048K, used 12996K [0x0000000704a00000, 0x0000000800000000)
  region size 2048K, 7 young (14336K), 1 survivors (2048K)
 Metaspace       used 8918K, committed 9152K, reserved 1114112K
  class space    used 847K, committed 960K, reserved 1048576K
}
Event: 2.049 GC heap after
{Heap after GC invocations=2 (full 0):
 garbage-first heap   total 258048K, used 3556K [0x0000000704a00000, 0x0000000800000000)
  region size 2048K, 1 young (2048K), 1 survivors (2048K)
 Metaspace       used 8918K, committed 9152K, reserved 1114112K
  class space    used 847K, committed 960K, reserved 1048576K
}
Event: 6.501 GC heap before
{Heap before GC invocations=2 (full 0):
 garbage-first heap   total 258048K, used 28132K [0x0000000704a00000, 0x0000000800000000)
  region size 2048K, 13 young (26624K), 1 survivors (2048K)
 Metaspace       used 15956K, committed 16128K, reserved 1114112K
  class space    used 1674K, committed 1728K, reserved 1048576K
}
Event: 6.505 GC heap after
{Heap after GC invocations=3 (full 0):
 garbage-first heap   total 258048K, used 4684K [0x0000000704a00000, 0x0000000800000000)
  region size 2048K, 1 young (2048K), 1 survivors (2048K)
 Metaspace       used 15956K, committed 16128K, reserved 1114112K
  class space    used 1674K, committed 1728K, reserved 1048576K
}
Event: 8.284 GC heap before
{Heap before GC invocations=3 (full 0):
 garbage-first heap   total 258048K, used 31308K [0x0000000704a00000, 0x0000000800000000)
  region size 2048K, 14 young (28672K), 1 survivors (2048K)
 Metaspace       used 21291K, committed 21504K, reserved 1114112K
  class space    used 2327K, committed 2432K, reserved 1048576K
}
Event: 8.291 GC heap after
{Heap after GC invocations=4 (full 0):
 garbage-first heap   total 258048K, used 7566K [0x0000000704a00000, 0x0000000800000000)
  region size 2048K, 2 young (4096K), 2 survivors (4096K)
 Metaspace       used 21291K, committed 21504K, reserved 1114112K
  class space    used 2327K, committed 2432K, reserved 1048576K
}

Dll operation events (10 events):
Event: 0.013 Loaded shared library C:\Users\tahom\.jdks\temurin-17.0.9\bin\java.dll
Event: 0.040 Loaded shared library C:\Users\tahom\.jdks\temurin-17.0.9\bin\jsvml.dll
Event: 0.195 Loaded shared library C:\Users\tahom\.jdks\temurin-17.0.9\bin\net.dll
Event: 0.199 Loaded shared library C:\Users\tahom\.jdks\temurin-17.0.9\bin\nio.dll
Event: 0.202 Loaded shared library C:\Users\tahom\.jdks\temurin-17.0.9\bin\zip.dll
Event: 0.533 Loaded shared library C:\Users\tahom\.jdks\temurin-17.0.9\bin\jimage.dll
Event: 0.550 Loaded shared library C:\Users\tahom\.jdks\temurin-17.0.9\bin\awt.dll
Event: 3.737 Loaded shared library C:\Users\tahom\.skiko\ed40a5bce6e1e7d4dcecd8cd2db496c343d4d3d9e81abbdb09dee4bf7542e8cb\skiko-windows-x64.dll
Event: 4.091 Loaded shared library C:\Users\tahom\.jdks\temurin-17.0.9\bin\freetype.dll
Event: 4.095 Loaded shared library C:\Users\tahom\.jdks\temurin-17.0.9\bin\fontmanager.dll

Deoptimization events (20 events):
Event: 80.171 Thread 0x0000019363ab9810 Uncommon trap: trap_request=0xffffffde fr.pc=0x000001935015ba7c relative=0x000000000000079c
Event: 80.171 Thread 0x0000019363ab9810 Uncommon trap: reason=class_check action=maybe_recompile pc=0x000001935015ba7c method=java.util.HashMap.putVal(ILjava/lang/Object;Ljava/lang/Object;ZZ)Ljava/lang/Object; @ 91 c2
Event: 80.171 Thread 0x0000019363ab9810 DEOPT PACKING pc=0x000001935015ba7c sp=0x00000010b09fe5a0
Event: 80.172 Thread 0x0000019363ab9810 DEOPT UNPACKING pc=0x000001934fb569a3 sp=0x00000010b09fe4c8 mode 2
Event: 80.175 Thread 0x0000019363ab9810 Uncommon trap: trap_request=0xffffffde fr.pc=0x000001935015ba7c relative=0x000000000000079c
Event: 80.175 Thread 0x0000019363ab9810 Uncommon trap: reason=class_check action=maybe_recompile pc=0x000001935015ba7c method=java.util.HashMap.putVal(ILjava/lang/Object;Ljava/lang/Object;ZZ)Ljava/lang/Object; @ 91 c2
Event: 80.175 Thread 0x0000019363ab9810 DEOPT PACKING pc=0x000001935015ba7c sp=0x00000010b09fe5a0
Event: 80.175 Thread 0x0000019363ab9810 DEOPT UNPACKING pc=0x000001934fb569a3 sp=0x00000010b09fe4c8 mode 2
Event: 80.184 Thread 0x0000019363ab9810 Uncommon trap: trap_request=0xffffffde fr.pc=0x000001935015ba7c relative=0x000000000000079c
Event: 80.184 Thread 0x0000019363ab9810 Uncommon trap: reason=class_check action=maybe_recompile pc=0x000001935015ba7c method=java.util.HashMap.putVal(ILjava/lang/Object;Ljava/lang/Object;ZZ)Ljava/lang/Object; @ 91 c2
Event: 80.184 Thread 0x0000019363ab9810 DEOPT PACKING pc=0x000001935015ba7c sp=0x00000010b09fe5a0
Event: 80.184 Thread 0x0000019363ab9810 DEOPT UNPACKING pc=0x000001934fb569a3 sp=0x00000010b09fe4c8 mode 2
Event: 80.194 Thread 0x0000019363ab9810 Uncommon trap: trap_request=0xffffffde fr.pc=0x000001935015ba7c relative=0x000000000000079c
Event: 80.194 Thread 0x0000019363ab9810 Uncommon trap: reason=class_check action=maybe_recompile pc=0x000001935015ba7c method=java.util.HashMap.putVal(ILjava/lang/Object;Ljava/lang/Object;ZZ)Ljava/lang/Object; @ 91 c2
Event: 80.194 Thread 0x0000019363ab9810 DEOPT PACKING pc=0x000001935015ba7c sp=0x00000010b09fe5a0
Event: 80.194 Thread 0x0000019363ab9810 DEOPT UNPACKING pc=0x000001934fb569a3 sp=0x00000010b09fe4c8 mode 2
Event: 80.204 Thread 0x0000019363ab9810 Uncommon trap: trap_request=0xffffffde fr.pc=0x000001935015a1bc relative=0x000000000000075c
Event: 80.204 Thread 0x0000019363ab9810 Uncommon trap: reason=class_check action=maybe_recompile pc=0x000001935015a1bc method=java.util.HashMap.putVal(ILjava/lang/Object;Ljava/lang/Object;ZZ)Ljava/lang/Object; @ 91 c2
Event: 80.204 Thread 0x0000019363ab9810 DEOPT PACKING pc=0x000001935015a1bc sp=0x00000010b09fe520
Event: 80.204 Thread 0x0000019363ab9810 DEOPT UNPACKING pc=0x000001934fb569a3 sp=0x00000010b09fe4d0 mode 2

Classes unloaded (0 events):
No events

Classes redefined (0 events):
No events

Internal exceptions (20 events):
Event: 0.513 Thread 0x0000019340ab9f00 Exception <a 'java/lang/ClassNotFoundException'{0x0000000713e875d0}: sun/awt/resources/spi/awtProvider> (0x0000000713e875d0) 
thrown [s\src\hotspot\share\classfile\systemDictionary.cpp, line 256]
Event: 0.577 Thread 0x0000019340ab9f00 Exception <a 'java/io/FileNotFoundException'{0x0000000713ee1620}> (0x0000000713ee1620) 
thrown [s\src\hotspot\share\prims\jni.cpp, line 516]
Event: 0.586 Thread 0x0000019340ab9f00 Exception <a 'java/io/FileNotFoundException'{0x0000000713f0e768}> (0x0000000713f0e768) 
thrown [s\src\hotspot\share\prims\jni.cpp, line 516]
Event: 1.219 Thread 0x0000019340ab9f00 Exception <a 'java/lang/NoSuchMethodError'{0x0000000713f7b5d0}: 'java.lang.Object java.lang.invoke.DirectMethodHandle$Holder.invokeStaticInit(java.lang.Object)'> (0x0000000713f7b5d0) 
thrown [s\src\hotspot\share\interpreter\linkResolver.cpp, line 759]
Event: 1.873 Thread 0x0000019363ab9810 Exception <a 'java/lang/NoSuchMethodError'{0x0000000713ce24a8}: 'void java.lang.invoke.DirectMethodHandle$Holder.invokeSpecial(java.lang.Object, java.lang.Object, java.lang.Object)'> (0x0000000713ce24a8) 
thrown [s\src\hotspot\share\interpreter\linkResolver.cpp, line 759]
Event: 1.887 Thread 0x0000019363ab9810 Exception <a 'java/lang/NoSuchMethodError'{0x0000000713d0cf78}: 'java.lang.Object java.lang.invoke.DirectMethodHandle$Holder.newInvokeSpecial(java.lang.Object, java.lang.Object, java.lang.Object, java.lang.Object, java.lang.Object)'> (0x0000000713d0cf78) 
thrown [s\src\hotspot\share\interpreter\linkResolver.cpp, line 759]
Event: 1.889 Thread 0x0000019363ab9810 Exception <a 'java/lang/NoSuchMethodError'{0x0000000713d18e30}: 'java.lang.Object java.lang.invoke.DirectMethodHandle$Holder.invokeStatic(java.lang.Object, int, java.lang.Object, java.lang.Object, java.lang.Object, java.lang.Object)'> (0x0000000713d18e30) 
thrown [s\src\hotspot\share\interpreter\linkResolver.cpp, line 759]
Event: 1.897 Thread 0x0000019363ab9810 Exception <a 'java/lang/NoSuchMethodError'{0x0000000713d3edc8}: 'java.lang.Object java.lang.invoke.DirectMethodHandle$Holder.invokeStatic(java.lang.Object, int, java.lang.Object)'> (0x0000000713d3edc8) 
thrown [s\src\hotspot\share\interpreter\linkResolver.cpp, line 759]
Event: 1.937 Thread 0x0000019363ab9810 Exception <a 'java/lang/ClassNotFoundException'{0x0000000713df7018}: com/sun/swing/internal/plaf/metal/resources/spi/metalProvider> (0x0000000713df7018) 
thrown [s\src\hotspot\share\classfile\systemDictionary.cpp, line 256]
Event: 1.938 Thread 0x0000019363ab9810 Exception <a 'java/lang/ClassNotFoundException'{0x0000000713dfb088}: com/sun/swing/internal/plaf/basic/resources/spi/basicProvider> (0x0000000713dfb088) 
thrown [s\src\hotspot\share\classfile\systemDictionary.cpp, line 256]
Event: 3.956 Thread 0x0000019363ab9810 Exception <a 'java/lang/NoSuchMethodError'{0x00000007143085a0}: 'void java.lang.invoke.DirectMethodHandle$Holder.invokeStatic(java.lang.Object, java.lang.Object, java.lang.Object)'> (0x00000007143085a0) 
thrown [s\src\hotspot\share\interpreter\linkResolver.cpp, line 759]
Event: 4.037 Thread 0x0000019363a0e900 Exception <a 'java/lang/NoSuchMethodError'{0x0000000714067cd0}: 'void java.lang.invoke.DirectMethodHandle$Holder.invokeVirtual(java.lang.Object, java.lang.Object)'> (0x0000000714067cd0) 
thrown [s\src\hotspot\share\interpreter\linkResolver.cpp, line 759]
Event: 4.080 Thread 0x0000019363ab9810 Exception <a 'java/lang/NoSuchMethodError'{0x00000007140c8e78}: 'void java.lang.invoke.DirectMethodHandle$Holder.invokeStaticInit(java.lang.Object)'> (0x00000007140c8e78) 
thrown [s\src\hotspot\share\interpreter\linkResolver.cpp, line 759]
Event: 5.736 Thread 0x0000019363ab9810 Exception <a 'java/lang/NoSuchMethodError'{0x0000000713cbec58}: 'int java.lang.invoke.DirectMethodHandle$Holder.invokeStaticInit(java.lang.Object, java.lang.Object, java.lang.Object)'> (0x0000000713cbec58) 
thrown [s\src\hotspot\share\interpreter\linkResolver.cpp, line 759]
Event: 5.805 Thread 0x0000019363ab9810 Exception <a 'java/lang/NoSuchMethodError'{0x0000000713deec68}: 'double java.lang.invoke.DirectMethodHandle$Holder.invokeStatic(java.lang.Object, double)'> (0x0000000713deec68) 
thrown [s\src\hotspot\share\interpreter\linkResolver.cpp, line 759]
Event: 5.806 Thread 0x0000019363ab9810 Exception <a 'java/lang/NoSuchMethodError'{0x0000000713df26c8}: 'double java.lang.invoke.DirectMethodHandle$Holder.invokeStaticInit(java.lang.Object, double)'> (0x0000000713df26c8) 
thrown [s\src\hotspot\share\interpreter\linkResolver.cpp, line 759]
Event: 5.819 Thread 0x0000019363ab9810 Exception <a 'java/lang/NoSuchMethodError'{0x0000000713a32568}: 'java.lang.Object java.lang.invoke.DirectMethodHandle$Holder.newInvokeSpecial(java.lang.Object, double)'> (0x0000000713a32568) 
thrown [s\src\hotspot\share\interpreter\linkResolver.cpp, line 759]
Event: 6.329 Thread 0x0000019363ab9810 Exception <a 'java/lang/NoSuchMethodError'{0x0000000712e8c5d0}: 'java.lang.Object java.lang.invoke.DirectMethodHandle$Holder.invokeStaticInit(java.lang.Object, int, int, int, int)'> (0x0000000712e8c5d0) 
thrown [s\src\hotspot\share\interpreter\linkResolver.cpp, line 759]
Event: 6.417 Thread 0x0000019363ab9810 Exception <a 'java/lang/NoSuchMethodError'{0x0000000712ee5110}: 'java.lang.Object java.lang.invoke.DirectMethodHandle$Holder.invokeStaticInit(java.lang.Object, java.lang.Object, int, int, int, int)'> (0x0000000712ee5110) 
thrown [s\src\hotspot\share\interpreter\linkResolver.cpp, line 759]
Event: 6.646 Thread 0x0000019363ab9810 Exception <a 'java/lang/NoSuchMethodError'{0x0000000713ee07b0}: 'void java.lang.invoke.DirectMethodHandle$Holder.invokeStatic(java.lang.Object, java.lang.Object, java.lang.Object, java.lang.Object)'> (0x0000000713ee07b0) 
thrown [s\src\hotspot\share\interpreter\linkResolver.cpp, line 759]

VM Operations (20 events):
Event: 59.171 Executing VM operation: Cleanup
Event: 59.171 Executing VM operation: Cleanup done
Event: 60.050 Executing VM operation: HandshakeAllThreads
Event: 60.050 Executing VM operation: HandshakeAllThreads done
Event: 61.059 Executing VM operation: Cleanup
Event: 61.059 Executing VM operation: Cleanup done
Event: 63.064 Executing VM operation: Cleanup
Event: 63.064 Executing VM operation: Cleanup done
Event: 70.128 Executing VM operation: Cleanup
Event: 70.128 Executing VM operation: Cleanup done
Event: 72.139 Executing VM operation: Cleanup
Event: 72.139 Executing VM operation: Cleanup done
Event: 75.164 Executing VM operation: Cleanup
Event: 75.164 Executing VM operation: Cleanup done
Event: 77.178 Executing VM operation: Cleanup
Event: 77.178 Executing VM operation: Cleanup done
Event: 80.217 Executing VM operation: Cleanup
Event: 80.217 Executing VM operation: Cleanup done
Event: 81.228 Executing VM operation: Cleanup
Event: 81.228 Executing VM operation: Cleanup done

Events (20 events):
Event: 76.746 loading class javax/swing/JComponent$KeyboardState
Event: 76.746 loading class javax/swing/JComponent$KeyboardState done
Event: 76.746 loading class javax/swing/JComponent$IntVector
Event: 76.746 loading class javax/swing/JComponent$IntVector done
Event: 76.746 loading class javax/swing/JInternalFrame
Event: 76.748 loading class javax/swing/JInternalFrame done
Event: 76.748 loading class javax/swing/KeyboardManager
Event: 76.748 loading class javax/swing/KeyboardManager done
Event: 76.749 loading class javax/swing/Popup$HeavyWeightWindow
Event: 76.749 loading class sun/awt/ModalExclude
Event: 76.749 loading class sun/awt/ModalExclude done
Event: 76.749 loading class javax/swing/JWindow
Event: 76.750 loading class javax/swing/JWindow done
Event: 76.750 loading class javax/swing/Popup$HeavyWeightWindow done
Event: 80.116 loading class java/awt/event/MouseEvent$1
Event: 80.121 loading class sun/awt/AWTAccessor$MouseEventAccessor
Event: 80.121 loading class sun/awt/AWTAccessor$MouseEventAccessor done
Event: 80.121 loading class java/awt/event/MouseEvent$1 done
Event: 80.122 loading class java/awt/Cursor$CursorDisposer
Event: 80.122 loading class java/awt/Cursor$CursorDisposer done


Dynamic libraries:
0x00007ff692110000 - 0x00007ff69211e000 	C:\Users\tahom\.jdks\temurin-17.0.9\bin\java.exe
0x00007ff88cc70000 - 0x00007ff88ce68000 	C:\Windows\SYSTEM32\ntdll.dll
0x00007ff88c270000 - 0x00007ff88c32d000 	C:\Windows\System32\KERNEL32.DLL
0x00007ff88a4b0000 - 0x00007ff88a7a6000 	C:\Windows\System32\KERNELBASE.dll
0x00007ff88a330000 - 0x00007ff88a430000 	C:\Windows\System32\ucrtbase.dll
0x00007ff884b30000 - 0x00007ff884b4b000 	C:\Users\tahom\.jdks\temurin-17.0.9\bin\VCRUNTIME140.dll
0x00007ff884980000 - 0x00007ff884997000 	C:\Users\tahom\.jdks\temurin-17.0.9\bin\jli.dll
0x00007ff88ae40000 - 0x00007ff88afde000 	C:\Windows\System32\USER32.dll
0x00007ff8743b0000 - 0x00007ff87464a000 	C:\Windows\WinSxS\amd64_microsoft.windows.common-controls_6595b64144ccf1df_6.0.19041.3636_none_60b6a03d71f818d5\COMCTL32.dll
0x00007ff88ac80000 - 0x00007ff88aca2000 	C:\Windows\System32\win32u.dll
0x00007ff88b530000 - 0x00007ff88b5ce000 	C:\Windows\System32\msvcrt.dll
0x00007ff88acb0000 - 0x00007ff88acdb000 	C:\Windows\System32\GDI32.dll
0x00007ff88aab0000 - 0x00007ff88abc7000 	C:\Windows\System32\gdi32full.dll
0x00007ff88a8b0000 - 0x00007ff88a94d000 	C:\Windows\System32\msvcp_win.dll
0x00007ff88ae00000 - 0x00007ff88ae32000 	C:\Windows\System32\IMM32.DLL
0x00007ff885060000 - 0x00007ff88506c000 	C:\Users\tahom\.jdks\temurin-17.0.9\bin\vcruntime140_1.dll
0x00007ff8717c0000 - 0x00007ff87184d000 	C:\Users\tahom\.jdks\temurin-17.0.9\bin\msvcp140.dll
0x00007ff8564f0000 - 0x00007ff857151000 	C:\Users\tahom\.jdks\temurin-17.0.9\bin\server\jvm.dll
0x00007ff88cad0000 - 0x00007ff88cb83000 	C:\Windows\System32\ADVAPI32.dll
0x00007ff88b840000 - 0x00007ff88b8df000 	C:\Windows\System32\sechost.dll
0x00007ff88b9c0000 - 0x00007ff88bae6000 	C:\Windows\System32\RPCRT4.dll
0x00007ff88a430000 - 0x00007ff88a457000 	C:\Windows\System32\bcrypt.dll
0x00007ff876630000 - 0x00007ff876657000 	C:\Windows\SYSTEM32\WINMM.dll
0x00007ff873790000 - 0x00007ff873799000 	C:\Windows\SYSTEM32\WSOCK32.dll
0x00007ff88c8d0000 - 0x00007ff88c93b000 	C:\Windows\System32\WS2_32.dll
0x00007ff87d6c0000 - 0x00007ff87d6ca000 	C:\Windows\SYSTEM32\VERSION.dll
0x00007ff8898d0000 - 0x00007ff88991b000 	C:\Windows\SYSTEM32\POWRPROF.dll
0x00007ff889740000 - 0x00007ff889752000 	C:\Windows\SYSTEM32\UMPDC.dll
0x00007ff8881e0000 - 0x00007ff8881f2000 	C:\Windows\SYSTEM32\kernel.appcore.dll
0x00007ff885010000 - 0x00007ff88501a000 	C:\Users\tahom\.jdks\temurin-17.0.9\bin\jimage.dll
0x00007ff87c490000 - 0x00007ff87c674000 	C:\Windows\SYSTEM32\DBGHELP.DLL
0x00007ff87c450000 - 0x00007ff87c484000 	C:\Windows\SYSTEM32\dbgcore.DLL
0x00007ff88a7b0000 - 0x00007ff88a832000 	C:\Windows\System32\bcryptPrimitives.dll
0x00007ff883900000 - 0x00007ff883925000 	C:\Users\tahom\.jdks\temurin-17.0.9\bin\java.dll
0x00007ff868d50000 - 0x00007ff868e27000 	C:\Users\tahom\.jdks\temurin-17.0.9\bin\jsvml.dll
0x00007ff88baf0000 - 0x00007ff88c235000 	C:\Windows\System32\SHELL32.dll
0x00007ff8883e0000 - 0x00007ff888b7c000 	C:\Windows\SYSTEM32\windows.storage.dll
0x00007ff88b0b0000 - 0x00007ff88b404000 	C:\Windows\System32\combase.dll
0x00007ff889d60000 - 0x00007ff889d8e000 	C:\Windows\SYSTEM32\Wldp.dll
0x00007ff88afe0000 - 0x00007ff88b0ad000 	C:\Windows\System32\OLEAUT32.dll
0x00007ff88c7a0000 - 0x00007ff88c84d000 	C:\Windows\System32\SHCORE.dll
0x00007ff88ad90000 - 0x00007ff88ade5000 	C:\Windows\System32\shlwapi.dll
0x00007ff88a260000 - 0x00007ff88a285000 	C:\Windows\SYSTEM32\profapi.dll
0x00007ff8838e0000 - 0x00007ff8838f9000 	C:\Users\tahom\.jdks\temurin-17.0.9\bin\net.dll
0x00007ff87f3f0000 - 0x00007ff87f4fa000 	C:\Windows\SYSTEM32\WINHTTP.dll
0x00007ff889ac0000 - 0x00007ff889b2a000 	C:\Windows\system32\mswsock.dll
0x00007ff8837f0000 - 0x00007ff883806000 	C:\Users\tahom\.jdks\temurin-17.0.9\bin\nio.dll
0x00007ff883c70000 - 0x00007ff883c88000 	C:\Users\tahom\.jdks\temurin-17.0.9\bin\zip.dll
0x00007ff85d630000 - 0x00007ff85d7c0000 	C:\Users\tahom\.jdks\temurin-17.0.9\bin\awt.dll
0x00007ff887a50000 - 0x00007ff887ae0000 	C:\Windows\SYSTEM32\apphelp.dll
0x00007ff887c70000 - 0x00007ff887d0e000 	C:\Windows\system32\uxtheme.dll
0x00007ff88b410000 - 0x00007ff88b524000 	C:\Windows\System32\MSCTF.dll
0x00007ff88c940000 - 0x00007ff88ca6b000 	C:\Windows\System32\ole32.dll
0x00007ff887ef0000 - 0x00007ff887f1f000 	C:\Windows\system32\DWMAPI.DLL
0x00007ff874890000 - 0x00007ff8749b5000 	C:\Windows\system32\opengl32.dll
0x00007ff8746e0000 - 0x00007ff87470c000 	C:\Windows\SYSTEM32\GLU32.dll
0x00007ff8283f0000 - 0x00007ff82943f000 	C:\Users\tahom\.skiko\ed40a5bce6e1e7d4dcecd8cd2db496c343d4d3d9e81abbdb09dee4bf7542e8cb\skiko-windows-x64.dll
0x00007ff866860000 - 0x00007ff8668e8000 	C:\Users\tahom\.jdks\temurin-17.0.9\bin\freetype.dll
0x00007ff85d550000 - 0x00007ff85d623000 	C:\Users\tahom\.jdks\temurin-17.0.9\bin\fontmanager.dll
0x00007ff883820000 - 0x00007ff883827000 	C:\Users\tahom\.jdks\temurin-17.0.9\bin\jawt.dll
0x00007ff888be0000 - 0x00007ff888cd3000 	C:\Windows\SYSTEM32\Dxgi.dll
0x00007ff883710000 - 0x00007ff883735000 	C:\Windows\SYSTEM32\D3D12.dll
0x00007ff85b450000 - 0x00007ff85b61d000 	C:\Windows\SYSTEM32\D3D12Core.dll
0x00007ff880bd0000 - 0x00007ff880c0b000 	C:\Windows\SYSTEM32\dxcore.dll
0x00007ff88a460000 - 0x00007ff88a4ae000 	C:\Windows\System32\cfgmgr32.dll
0x00007ff88ace0000 - 0x00007ff88ad89000 	C:\Windows\System32\clbcatq.dll
0x00007ff882e70000 - 0x00007ff882f72000 	C:\Windows\System32\AppXDeploymentClient.dll
0x00007ff82af60000 - 0x00007ff82bc78000 	C:\Windows\SYSTEM32\ig8icd64.dll
0x00007ff886dd0000 - 0x00007ff886de4000 	C:\Windows\SYSTEM32\WTSAPI32.dll
0x00007ff87e8d0000 - 0x00007ff87f30f000 	C:\Windows\SYSTEM32\igdusc64.dll
0x00007ff86ec60000 - 0x00007ff86eedf000 	C:\Windows\SYSTEM32\dwrite.dll
0x00007ff889cc0000 - 0x00007ff889cd8000 	C:\Windows\SYSTEM32\CRYPTSP.dll
0x00007ff889380000 - 0x00007ff8893b4000 	C:\Windows\system32\rsaenh.dll
0x00007ff88a220000 - 0x00007ff88a24e000 	C:\Windows\SYSTEM32\USERENV.dll
0x00007ff889cb0000 - 0x00007ff889cbc000 	C:\Windows\SYSTEM32\CRYPTBASE.dll
0x00007ff889760000 - 0x00007ff88979b000 	C:\Windows\SYSTEM32\IPHLPAPI.DLL
0x00007ff88cc20000 - 0x00007ff88cc28000 	C:\Windows\System32\NSI.dll
0x00007ff882b10000 - 0x00007ff882b27000 	C:\Windows\SYSTEM32\dhcpcsvc6.DLL
0x00007ff882af0000 - 0x00007ff882b0d000 	C:\Windows\SYSTEM32\dhcpcsvc.DLL
0x00007ff8897b0000 - 0x00007ff88987b000 	C:\Windows\SYSTEM32\DNSAPI.dll
0x00007ff8869a0000 - 0x00007ff886c03000 	C:\Windows\SYSTEM32\d3d11.dll
0x00007ff87f910000 - 0x00007ff88086d000 	C:\Windows\SYSTEM32\igd10iumd64.dll
0x00007ff889dd0000 - 0x00007ff889df8000 	C:\Windows\SYSTEM32\ncrypt.dll
0x00007ff889d90000 - 0x00007ff889dcb000 	C:\Windows\SYSTEM32\NTASN1.dll
0x00007ff8754d0000 - 0x00007ff8755c9000 	C:\Windows\SYSTEM32\textinputframework.dll
0x00007ff887360000 - 0x00007ff8876bb000 	C:\Windows\System32\CoreUIComponents.dll
0x00007ff8894a0000 - 0x00007ff8894d3000 	C:\Windows\SYSTEM32\ntmarta.dll
0x00007ff8876c0000 - 0x00007ff8877b2000 	C:\Windows\System32\CoreMessaging.dll
0x00007ff886c70000 - 0x00007ff886dc5000 	C:\Windows\SYSTEM32\wintypes.dll
0x00007ff86dc60000 - 0x00007ff86dd0c000 	C:\Windows\SYSTEM32\TextShaping.dll
0x00007ff889010000 - 0x00007ff88906b000 	C:\Windows\SYSTEM32\WINSTA.dll

dbghelp: loaded successfully - version: 4.0.5 - missing functions: none
symbol engine: initialized successfully - sym options: 0x614 - pdb path: .;C:\Users\tahom\.jdks\temurin-17.0.9\bin;C:\Windows\SYSTEM32;C:\Windows\WinSxS\amd64_microsoft.windows.common-controls_6595b64144ccf1df_6.0.19041.3636_none_60b6a03d71f818d5;C:\Users\tahom\.jdks\temurin-17.0.9\bin\server;C:\Users\tahom\.skiko\ed40a5bce6e1e7d4dcecd8cd2db496c343d4d3d9e81abbdb09dee4bf7542e8cb

VM Arguments:
jvm_args: -Dfile.encoding=UTF-8 -Duser.country=US -Duser.language=en -Duser.variant 
java_command: MainKt
java_class_path (initial): C:\Users\tahom\IdeaProjects\Scouting-App\composeApp\build\classes\kotlin\desktop\main;C:\Users\tahom\IdeaProjects\Scouting-App\composeApp\build\processedResources\desktop\main;C:\Users\tahom\.gradle\caches\modules-2\files-2.1\com.bumble.appyx\backstack-desktop\2.0.0-alpha09\5d0e9c3b1ea30a53e9f732f4ce1b76060736d59f\backstack-desktop.jar;C:\Users\tahom\.gradle\caches\modules-2\files-2.1\com.bumble.appyx\appyx-navigation-desktop\2.0.0-alpha09\329dfbea8911c31c79600cae917bc5796d64e1fa\appyx-navigation-desktop.jar;C:\Users\tahom\.gradle\caches\modules-2\files-2.1\org.jetbrains.compose.desktop\desktop-jvm\1.5.11\3b461ec5c3f11ec2a6b169f6c7290415f7b60bf3\desktop-jvm-1.5.11.jar;C:\Users\tahom\.gradle\caches\modules-2\files-2.1\com.bumble.appyx\appyx-interactions-desktop\2.0.0-alpha09\a6fcb25fcdefb226bb86087485696bb0774a6b3f\appyx-interactions-desktop.jar;C:\Users\tahom\.gradle\caches\modules-2\files-2.1\org.jetbrains.compose.material\material-desktop\1.5.11\ca0d754ede3fce975a8df534828a1753642bc87e\material-desktop-1.5.11.jar;C:\Users\tahom\.gradle\caches\modules-2\files-2.1\org.jetbrains.compose.components\components-resources-desktop\1.5.11\257ed22739bf5832dc9f1a159b66d6d5593dee70\library-desktop-1.5.11.jar;C:\Users\tahom\.gradle\caches\modules-2\files-2.1\org.jetbrains.compose.material\material-ripple-desktop\1.5.11\494966d7ed5d7143b7e67f10077f8f20ab9fa1ec\material-ripple-desktop-1.5.11.jar;C:\Users\tahom\.gradle\caches\modules-2\files-2.1\org.jetbrains.compose.foundation\foundation-desktop\1.5.11\8ed7fbae30be5411f111572ee7a5929622606152\foundation-desktop-1.5.11.jar;C:\Users\tahom\.gradle\caches\modules-2\files-2.1\org.jetbrains.compose.animation\animation-desktop\1.5.11\f1cbe23da9ecb37aa6b2b3e57b223327227b910a\animation-desktop-1.5.11.jar;C:\Users\tahom\.gradle\caches\modules-2\files-2.1\org.jetbrains.compose.foundation\foundation-layout-desktop\1.5.11\df30b80d1cc669e37290284ee3f27f27c3658e9f\foundation-layout-desktop-1.5.11.jar;C:\Users\tahom
Launcher Type: SUN_STANDARD

[Global flags]
     intx CICompilerCount                          = 3                                         {product} {ergonomic}
     uint ConcGCThreads                            = 1                                         {product} {ergonomic}
     uint G1ConcRefinementThreads                  = 4                                         {product} {ergonomic}
   size_t G1HeapRegionSize                         = 2097152                                   {product} {ergonomic}
    uintx GCDrainStackTargetSize                   = 64                                        {product} {ergonomic}
   size_t InitialHeapSize                          = 264241152                                 {product} {ergonomic}
   size_t MarkStackSize                            = 4194304                                   {product} {ergonomic}
   size_t MaxHeapSize                              = 4217372672                                {product} {ergonomic}
   size_t MaxNewSize                               = 2529165312                                {product} {ergonomic}
   size_t MinHeapDeltaBytes                        = 2097152                                   {product} {ergonomic}
   size_t MinHeapSize                              = 8388608                                   {product} {ergonomic}
    uintx NonNMethodCodeHeapSize                   = 5832780                                {pd product} {ergonomic}
    uintx NonProfiledCodeHeapSize                  = 122912730                              {pd product} {ergonomic}
    uintx ProfiledCodeHeapSize                     = 122912730                              {pd product} {ergonomic}
    uintx ReservedCodeCacheSize                    = 251658240                              {pd product} {ergonomic}
     bool SegmentedCodeCache                       = true                                      {product} {ergonomic}
   size_t SoftMaxHeapSize                          = 4217372672                             {manageable} {ergonomic}
     bool UseCompressedClassPointers               = true                           {product lp64_product} {ergonomic}
     bool UseCompressedOops                        = true                           {product lp64_product} {ergonomic}
     bool UseG1GC                                  = true                                      {product} {ergonomic}
     bool UseLargePagesIndividualAllocation        = false                                  {pd product} {ergonomic}

Logging:
Log output configuration:
 #0: stdout all=warning uptime,level,tags
 #1: stderr all=off uptime,level,tags

Environment Variables:
JAVA_HOME=C:\Program Files\Java\jdk-21
PATH=C:\Program Files\Common Files\Oracle\Java\javapath;C:\Program Files (x86)\Common Files\Oracle\Java\javapath;C:\Program Files\National Instruments\Shared\OpenVINO\;C:\Windows\system32;C:\Windows;C:\Windows\System32\Wbem;C:\Windows\System32\WindowsPowerShell\v1.0\;C:\Windows\System32\OpenSSH\;C:\Program Files\Git\cmd;C:\Program Files\Java\jdk-21\bin;C:\Users\tahom\AppData\Local\Programs\Python\Launcher\;C:\Users\tahom\AppData\Local\Microsoft\WindowsApps;C:\Users\tahom\AppData\Local\JetBrains\Toolbox\scripts;
USERNAME=tahom
OS=Windows_NT
PROCESSOR_IDENTIFIER=Intel64 Family 6 Model 61 Stepping 4, GenuineIntel
TMP=C:\Users\tahom\AppData\Local\Temp
TEMP=C:\Users\tahom\AppData\Local\Temp



Periodic native trim disabled


---------------  S Y S T E M  ---------------

OS:
 Windows 10 , 64 bit Build 19041 (10.0.19041.3636)
OS uptime: 3 days 5:56 hours

CPU: total 4 (initial active 4) (2 cores per cpu, 2 threads per core) family 6 model 61 stepping 4 microcode 0x2d, cx8, cmov, fxsr, ht, mmx, 3dnowpref, sse, sse2, sse3, ssse3, sse4.1, sse4.2, popcnt, lzcnt, tsc, tscinvbit, avx, avx2, aes, erms, clmul, bmi1, bmi2, rtm, adx, fma, vzeroupper, clflush
Processor Information for all 4 processors :
  Max Mhz: 2301, Current Mhz: 2300, Mhz Limit: 2277

Memory: 4k page, system-wide physical 16080M (431M free)
TotalPageFile size 46604M (AvailPageFile size 72M)
current process WorkingSet (physical memory assigned to process): 151M, peak: 154M
current process commit charge ("private bytes"): 194M, peak: 395M

vm_info: OpenJDK 64-Bit Server VM (17.0.9+9) for windows-amd64 JRE (17.0.9+9), built on Oct 26 2023 14:01:42 by "admin" with MS VC++ 16.10 / 16.11 (VS2019)

END.
